2021-06-21 17:59:29.159  INFO 13452 --- [main] c.p.p.ProductrestapiApplication          : Starting ProductrestapiApplication using Java 14.0.2 on LAPTOP-FBUVME8R with PID 13452 (D:\Development-Bharath\git-repo\spring-boot-practice\productrestapi\target\classes started by Pramod in D:\Development-Bharath\git-repo\spring-boot-practice\productrestapi)
2021-06-21 17:59:29.164  INFO 13452 --- [main] c.p.p.ProductrestapiApplication          : No active profile set, falling back to default profiles: default
2021-06-21 17:59:31.450  INFO 13452 --- [main] .s.d.r.c.RepositoryConfigurationDelegate : Bootstrapping Spring Data JPA repositories in DEFAULT mode.
2021-06-21 17:59:31.556  INFO 13452 --- [main] .s.d.r.c.RepositoryConfigurationDelegate : Finished Spring Data repository scanning in 86 ms. Found 1 JPA repository interfaces.
2021-06-21 17:59:32.410  INFO 13452 --- [main] o.s.b.w.embedded.tomcat.TomcatWebServer  : Tomcat initialized with port(s): 8080 (http)
2021-06-21 17:59:32.427  INFO 13452 --- [main] o.apache.catalina.core.StandardService   : Starting service [Tomcat]
2021-06-21 17:59:32.430  INFO 13452 --- [main] org.apache.catalina.core.StandardEngine  : Starting Servlet engine: [Apache Tomcat/9.0.46]
2021-06-21 17:59:32.575  INFO 13452 --- [main] o.a.c.c.C.[.[localhost].[/productapi]    : Initializing Spring embedded WebApplicationContext
2021-06-21 17:59:32.576  INFO 13452 --- [main] w.s.c.ServletWebServerApplicationContext : Root WebApplicationContext: initialization completed in 3260 ms
2021-06-21 17:59:32.844  INFO 13452 --- [main] com.zaxxer.hikari.HikariDataSource       : HikariPool-1 - Starting...
2021-06-21 17:59:33.398  INFO 13452 --- [main] com.zaxxer.hikari.HikariDataSource       : HikariPool-1 - Start completed.
2021-06-21 17:59:33.511  INFO 13452 --- [main] o.hibernate.jpa.internal.util.LogHelper  : HHH000204: Processing PersistenceUnitInfo [name: default]
2021-06-21 17:59:33.593  INFO 13452 --- [main] org.hibernate.Version                    : HHH000412: Hibernate ORM core version 5.4.32.Final
2021-06-21 17:59:33.799  INFO 13452 --- [main] o.hibernate.annotations.common.Version   : HCANN000001: Hibernate Commons Annotations {5.1.2.Final}
2021-06-21 17:59:33.956  INFO 13452 --- [main] org.hibernate.dialect.Dialect            : HHH000400: Using dialect: org.hibernate.dialect.MySQL8Dialect
2021-06-21 17:59:34.560  INFO 13452 --- [main] o.h.e.t.j.p.i.JtaPlatformInitiator       : HHH000490: Using JtaPlatform implementation: [org.hibernate.engine.transaction.jta.platform.internal.NoJtaPlatform]
2021-06-21 17:59:34.569  INFO 13452 --- [main] j.LocalContainerEntityManagerFactoryBean : Initialized JPA EntityManagerFactory for persistence unit 'default'
2021-06-21 17:59:34.869  WARN 13452 --- [main] JpaBaseConfiguration$JpaWebConfiguration : spring.jpa.open-in-view is enabled by default. Therefore, database queries may be performed during view rendering. Explicitly configure spring.jpa.open-in-view to disable this warning
2021-06-21 17:59:35.309  INFO 13452 --- [main] o.s.b.a.e.web.EndpointLinksResolver      : Exposing 1 endpoint(s) beneath base path '/actuator'
2021-06-21 17:59:35.362  INFO 13452 --- [main] o.s.b.w.embedded.tomcat.TomcatWebServer  : Tomcat started on port(s): 8080 (http) with context path '/productapi'
2021-06-21 17:59:35.378  INFO 13452 --- [main] c.p.p.ProductrestapiApplication          : Started ProductrestapiApplication in 7.214 seconds (JVM running for 8.318)
2021-06-21 17:59:45.878  INFO 14120 --- [main] c.p.p.ProductrestapiApplicationTests     : Starting ProductrestapiApplicationTests using Java 14.0.2 on LAPTOP-FBUVME8R with PID 14120 (started by Pramod in D:\Development-Bharath\git-repo\spring-boot-practice\productrestapi)
2021-06-21 17:59:45.881  INFO 14120 --- [main] c.p.p.ProductrestapiApplicationTests     : No active profile set, falling back to default profiles: default
2021-06-21 17:59:46.946  INFO 14120 --- [main] .s.d.r.c.RepositoryConfigurationDelegate : Bootstrapping Spring Data JPA repositories in DEFAULT mode.
2021-06-21 17:59:46.987  INFO 14120 --- [main] .s.d.r.c.RepositoryConfigurationDelegate : Finished Spring Data repository scanning in 34 ms. Found 1 JPA repository interfaces.
2021-06-21 17:59:47.440  INFO 14120 --- [main] com.zaxxer.hikari.HikariDataSource       : HikariPool-1 - Starting...
2021-06-21 17:59:47.898  INFO 14120 --- [main] com.zaxxer.hikari.HikariDataSource       : HikariPool-1 - Start completed.
2021-06-21 17:59:48.090  INFO 14120 --- [main] o.hibernate.jpa.internal.util.LogHelper  : HHH000204: Processing PersistenceUnitInfo [name: default]
2021-06-21 17:59:48.156  INFO 14120 --- [main] org.hibernate.Version                    : HHH000412: Hibernate ORM core version 5.4.32.Final
2021-06-21 17:59:48.347  INFO 14120 --- [main] o.hibernate.annotations.common.Version   : HCANN000001: Hibernate Commons Annotations {5.1.2.Final}
2021-06-21 17:59:48.490  INFO 14120 --- [main] org.hibernate.dialect.Dialect            : HHH000400: Using dialect: org.hibernate.dialect.MySQL8Dialect
2021-06-21 17:59:49.075  INFO 14120 --- [main] o.h.e.t.j.p.i.JtaPlatformInitiator       : HHH000490: Using JtaPlatform implementation: [org.hibernate.engine.transaction.jta.platform.internal.NoJtaPlatform]
2021-06-21 17:59:49.076  INFO 14120 --- [main] j.LocalContainerEntityManagerFactoryBean : Initialized JPA EntityManagerFactory for persistence unit 'default'
2021-06-21 17:59:49.780  WARN 14120 --- [main] JpaBaseConfiguration$JpaWebConfiguration : spring.jpa.open-in-view is enabled by default. Therefore, database queries may be performed during view rendering. Explicitly configure spring.jpa.open-in-view to disable this warning
2021-06-21 17:59:50.678  INFO 14120 --- [main] o.s.b.a.e.web.EndpointLinksResolver      : Exposing 1 endpoint(s) beneath base path '/actuator'
2021-06-21 17:59:50.735  INFO 14120 --- [main] c.p.p.ProductrestapiApplicationTests     : Started ProductrestapiApplicationTests in 5.191 seconds (JVM running for 6.735)
2021-06-21 17:59:51.246  INFO 13452 --- [http-nio-8080-exec-1] o.a.c.c.C.[.[localhost].[/productapi]    : Initializing Spring DispatcherServlet 'dispatcherServlet'
2021-06-21 17:59:51.247  INFO 13452 --- [http-nio-8080-exec-1] o.s.web.servlet.DispatcherServlet        : Initializing Servlet 'dispatcherServlet'
2021-06-21 17:59:51.249  INFO 13452 --- [http-nio-8080-exec-1] o.s.web.servlet.DispatcherServlet        : Completed initialization in 2 ms
2021-06-21 17:59:51.616  INFO 14120 --- [SpringApplicationShutdownHook] j.LocalContainerEntityManagerFactoryBean : Closing JPA EntityManagerFactory for persistence unit 'default'
2021-06-21 17:59:51.619  INFO 14120 --- [SpringApplicationShutdownHook] com.zaxxer.hikari.HikariDataSource       : HikariPool-1 - Shutdown initiated...
2021-06-21 17:59:51.628  INFO 14120 --- [SpringApplicationShutdownHook] com.zaxxer.hikari.HikariDataSource       : HikariPool-1 - Shutdown completed.
